{"/Users/smarak.pradhan/Documents/Sagility-devops-assignment/devops-assignment/app.js": {"path":"/Users/smarak.pradhan/Documents/Sagility-devops-assignment/devops-assignment/app.js","statementMap":{"0":{"start":{"line":1,"column":16},"end":{"line":1,"column":34}},"1":{"start":{"line":2,"column":15},"end":{"line":2,"column":37}},"2":{"start":{"line":4,"column":12},"end":{"line":4,"column":21}},"3":{"start":{"line":5,"column":13},"end":{"line":5,"column":37}},"4":{"start":{"line":8,"column":17},"end":{"line":8,"column":38}},"5":{"start":{"line":9,"column":0},"end":{"line":9,"column":43}},"6":{"start":{"line":11,"column":27},"end":{"line":16,"column":2}},"7":{"start":{"line":19,"column":0},"end":{"line":28,"column":3}},"8":{"start":{"line":20,"column":2},"end":{"line":26,"column":5}},"9":{"start":{"line":21,"column":4},"end":{"line":25,"column":7}},"10":{"start":{"line":27,"column":2},"end":{"line":27,"column":9}},"11":{"start":{"line":31,"column":0},"end":{"line":37,"column":3}},"12":{"start":{"line":32,"column":2},"end":{"line":36,"column":5}},"13":{"start":{"line":39,"column":0},"end":{"line":45,"column":3}},"14":{"start":{"line":40,"column":2},"end":{"line":44,"column":5}},"15":{"start":{"line":47,"column":0},"end":{"line":50,"column":3}},"16":{"start":{"line":48,"column":2},"end":{"line":48,"column":48}},"17":{"start":{"line":49,"column":2},"end":{"line":49,"column":36}},"18":{"start":{"line":53,"column":15},"end":{"line":55,"column":2}},"19":{"start":{"line":54,"column":2},"end":{"line":54,"column":48}},"20":{"start":{"line":57,"column":0},"end":{"line":57,"column":33}}},"fnMap":{"0":{"name":"(anonymous_0)","decl":{"start":{"line":19,"column":8},"end":{"line":19,"column":9}},"loc":{"start":{"line":19,"column":28},"end":{"line":28,"column":1}},"line":19},"1":{"name":"(anonymous_1)","decl":{"start":{"line":20,"column":19},"end":{"line":20,"column":20}},"loc":{"start":{"line":20,"column":25},"end":{"line":26,"column":3}},"line":20},"2":{"name":"(anonymous_2)","decl":{"start":{"line":31,"column":13},"end":{"line":31,"column":14}},"loc":{"start":{"line":31,"column":27},"end":{"line":37,"column":1}},"line":31},"3":{"name":"(anonymous_3)","decl":{"start":{"line":39,"column":19},"end":{"line":39,"column":20}},"loc":{"start":{"line":39,"column":33},"end":{"line":45,"column":1}},"line":39},"4":{"name":"(anonymous_4)","decl":{"start":{"line":47,"column":20},"end":{"line":47,"column":21}},"loc":{"start":{"line":47,"column":40},"end":{"line":50,"column":1}},"line":47},"5":{"name":"(anonymous_5)","decl":{"start":{"line":53,"column":43},"end":{"line":53,"column":44}},"loc":{"start":{"line":53,"column":49},"end":{"line":55,"column":1}},"line":53}},"branchMap":{"0":{"loc":{"start":{"line":5,"column":13},"end":{"line":5,"column":37}},"type":"binary-expr","locations":[{"start":{"line":5,"column":13},"end":{"line":5,"column":29}},{"start":{"line":5,"column":33},"end":{"line":5,"column":37}}],"line":5}},"s":{"0":1,"1":1,"2":1,"3":1,"4":1,"5":1,"6":1,"7":1,"8":3,"9":3,"10":3,"11":1,"12":1,"13":1,"14":1,"15":1,"16":1,"17":1,"18":1,"19":1,"20":1},"f":{"0":3,"1":3,"2":1,"3":1,"4":1,"5":1},"b":{"0":[1,1]},"_coverageSchema":"1a1c01bbd47fc00a2c39e90264f33305004495a9","hash":"3a9436be1fd20a744ec7333b62897524644a7d1f"}
}
